Arguments: 
  /usr/bin/node /usr/share/yarn/bin/yarn.js add --dev @types

PATH: 
  /usr/local/sbin:/usr/local/bin:/usr/sbin:/usr/bin:/sbin:/bin:/usr/games:/usr/local/games

Yarn version: 
  1.22.4

Node version: 
  8.10.0

Platform: 
  linux x64

Trace: 
  Error: https://registry.yarnpkg.com/@types: Request "https://registry.yarnpkg.com/@types" returned a 405
      at Request.params.callback [as _callback] (/usr/share/yarn/lib/cli.js:66996:18)
      at Request.self.callback (/usr/share/yarn/lib/cli.js:140748:22)
      at emitTwo (events.js:126:13)
      at Request.emit (events.js:214:7)
      at Request.<anonymous> (/usr/share/yarn/lib/cli.js:141720:10)
      at emitOne (events.js:116:13)
      at Request.emit (events.js:211:7)
      at IncomingMessage.<anonymous> (/usr/share/yarn/lib/cli.js:141642:12)
      at Object.onceWrapper (events.js:313:30)
      at emitNone (events.js:111:20)

npm manifest: 
  {
    "name": "mash",
    "version": "0.1.0",
    "description": "Matt's Awesome Shell - a shell-like browser experience and portfolio joke.",
    "main": "index.js",
    "scripts": {
      "docker:build": "./bin/build",
      "docker:run": "docker run -p 80:80 local-registry/mash"
    },
    "repository": {
      "type": "git",
      "url": "git+https://github.com/conrs/mash.git"
    },
    "author": "Matt Connors",
    "license": "MIT",
    "bugs": {
      "url": "https://github.com/conrs/mash/issues"
    },
    "homepage": "https://github.com/conrs/mash#readme",
    "dependencies": {},
    "devDependencies": {}
  }

yarn manifest: 
  No manifest

Lockfile: 
  # THIS IS AN AUTOGENERATED FILE. DO NOT EDIT THIS FILE DIRECTLY.
  # yarn lockfile v1
